[2014-04-21 08:48:02] START
[2014-04-21 08:50:50] EDIT Adaptador/controllers/default.py: -54
[2014-04-21 08:51:35] EDIT Adaptador/controllers/default.py: 2
[2014-04-21 08:52:07] EDIT Adaptador/controllers/default.py: -2
[2014-04-21 08:52:46] EDIT Adaptador/views/default/index.html: -26
[2014-04-21 08:53:32] EDIT Adaptador/controllers/default.py: 0
[2014-04-21 08:53:53] EDIT Adaptador/views/default/index.html: 1
[2014-04-21 08:54:19] EDIT Adaptador/controllers/default.py: 0
[2014-04-21 08:55:53] EDIT Adaptador/controllers/default.py: 4
[2014-04-21 08:56:37] EDIT Adaptador/controllers/default.py: -2
[2014-04-21 08:57:06] CREATE default/first.html: 0
[2014-04-21 08:57:17] EDIT Adaptador/views/default/first.html: 3
[2014-04-21 08:57:32] CREATE default/second.html: 0
[2014-04-21 08:57:38] EDIT Adaptador/views/default/second.html: -1
[2014-04-21 08:58:56] EDIT Adaptador/views/default/first.html: 1
[2014-04-21 08:58:58] EDIT Adaptador/views/default/first.html: -1
[2014-04-21 08:59:07] EDIT Adaptador/controllers/default.py: 3
[2014-04-21 08:59:20] EDIT Adaptador/views/default/first.html: 0
[2014-04-21 08:59:30] EDIT Adaptador/views/default/second.html: 0
[2014-04-21 09:01:26] EDIT Adaptador/controllers/default.py: 2
[2014-04-21 09:01:43] EDIT Adaptador/controllers/default.py: 1
[2014-04-21 09:01:57] EDIT Adaptador/views/default/first.html: -4
[2014-04-21 09:03:11] EDIT Adaptador/controllers/default.py: -1
[2014-04-21 09:08:54] EDIT Adaptador/controllers/default.py: 2
[2014-04-21 09:09:48] EDIT Adaptador/controllers/default.py: -2
[2014-04-21 09:11:04] EDIT Adaptador/controllers/default.py: 1
[2014-04-21 09:11:24] EDIT Adaptador/controllers/default.py: 2
[2014-04-21 09:11:36] EDIT Adaptador/controllers/default.py: 0
[2014-04-21 09:11:50] EDIT Adaptador/controllers/default.py: 0
[2014-04-21 09:11:59] EDIT Adaptador/controllers/default.py: 0
[2014-04-21 09:12:07] EDIT Adaptador/controllers/default.py: -1
[2014-04-21 09:12:22] EDIT Adaptador/controllers/default.py: 0
[2014-04-21 09:12:27] EDIT Adaptador/controllers/default.py: 0
[2014-04-21 09:12:36] EDIT Adaptador/controllers/default.py: 0
[2014-04-21 09:13:01] EDIT Adaptador/controllers/default.py: 0
[2014-04-21 09:13:43] EDIT Adaptador/controllers/default.py: 0
[2014-04-21 09:14:05] EDIT Adaptador/controllers/default.py: 0
[2014-04-21 09:14:44] EDIT Adaptador/controllers/default.py: 0
[2014-04-21 09:15:09] EDIT Adaptador/controllers/default.py: 0
[2014-04-21 09:15:11] EDIT Adaptador/controllers/default.py: 0
[2014-04-21 09:15:17] EDIT Adaptador/controllers/default.py: 0
[2014-04-21 09:15:32] EDIT Adaptador/controllers/default.py: 0
[2014-04-21 09:16:32] EDIT Adaptador/controllers/default.py: -2
[2014-04-21 09:17:11] EDIT Adaptador/controllers/default.py: 0
[2014-04-21 09:17:53] EDIT Adaptador/controllers/default.py: 0
[2014-04-21 09:18:38] EDIT Adaptador/views/default/second.html: 0
[2014-04-21 09:19:01] EDIT Adaptador/controllers/default.py: 0
[2014-04-21 09:19:15] EDIT Adaptador/controllers/default.py: 0
[2014-04-21 09:19:20] EDIT Adaptador/controllers/default.py: 0
[2014-04-21 09:26:47] CREATE xml/replacements.xml: 0
[2014-04-21 09:26:51] EDIT Adaptador/static/xml/replacements.xml: 983
[2014-04-21 09:28:39] EDIT Adaptador/controllers/default.py: 7
[2014-04-21 09:28:45] EDIT Adaptador/controllers/default.py: 0
[2014-04-21 09:29:05] EDIT Adaptador/controllers/default.py: 1
[2014-04-21 09:29:53] EDIT Adaptador/controllers/default.py: 1
[2014-04-21 09:31:25] EDIT Adaptador/controllers/default.py: 0
[2014-04-21 09:34:03] EDIT Adaptador/controllers/default.py: 1
[2014-04-21 09:34:03] EDIT Adaptador/controllers/default.py: 0
[2014-04-21 09:34:34] EDIT Adaptador/controllers/default.py: 1
[2014-04-21 09:35:03] EDIT Adaptador/controllers/default.py: 0
[2014-04-21 09:35:35] EDIT Adaptador/controllers/default.py: 0
[2014-04-21 09:36:08] EDIT Adaptador/controllers/default.py: 0
[2014-04-21 09:36:44] EDIT Adaptador/controllers/default.py: 0
[2014-04-21 09:36:51] EDIT Adaptador/controllers/default.py: 0
[2014-04-21 09:36:53] EDIT Adaptador/controllers/default.py: 0
[2014-04-21 09:36:59] EDIT Adaptador/controllers/default.py: 0
[2014-04-21 09:37:35] EDIT Adaptador/controllers/default.py: 0
[2014-04-21 09:37:51] EDIT Adaptador/controllers/default.py: 0
[2014-04-21 09:37:57] EDIT Adaptador/controllers/default.py: 0
[2014-04-21 09:38:27] EDIT Adaptador/views/default/second.html: 1
[2014-04-21 09:38:55] EDIT Adaptador/views/default/second.html: 0
[2014-04-21 09:39:07] EDIT Adaptador/views/default/second.html: 0
[2014-04-21 09:39:08] EDIT Adaptador/views/default/second.html: 0
[2014-04-22 07:18:12] EDIT Adaptador/views/default/first.html: 64
[2014-04-22 07:25:10] EDIT Adaptador/views/default/first.html: 1
[2014-04-22 07:25:27] CREATE css/style.css: 0
[2014-04-22 07:26:07] EDIT Adaptador/static/css/style.css: 1204
[2014-04-22 07:26:23] EDIT Adaptador/views/default/first.html: 0
[2014-04-22 07:26:32] EDIT Adaptador/views/default/first.html: -1
[2014-04-22 07:27:57] EDIT Adaptador/views/default/first.html: 0
[2014-04-22 07:30:09] EDIT Adaptador/views/default/first.html: 1
[2014-04-22 07:31:35] EDIT Adaptador/views/default/first.html: 0
[2014-04-22 07:33:06] CREATE header.html: 0
[2014-04-22 07:33:47] EDIT Adaptador/views/header.html: 51
[2014-04-22 07:35:05] EDIT Adaptador/views/default/first.html: -11
[2014-04-22 07:35:27] EDIT Adaptador/views/header.html: 0
[2014-04-22 07:36:17] EDIT Adaptador/views/header.html: -17
[2014-04-22 07:36:55] EDIT Adaptador/views/header.html: -16
[2014-04-22 07:37:06] EDIT Adaptador/views/default/first.html: 0
[2014-04-22 07:37:45] EDIT Adaptador/views/header.html: 92
[2014-04-22 07:38:47] EDIT Adaptador/views/default/first.html: 10
[2014-04-22 07:41:05] EDIT Adaptador/views/default/first.html: -9
[2014-04-22 07:41:26] EDIT Adaptador/views/default/first.html: 9
[2014-04-22 07:41:48] EDIT Adaptador/views/default/first.html: -3
[2014-04-22 07:42:10] EDIT Adaptador/controllers/default.py: 0
[2014-04-22 07:52:56] EDIT Adaptador/views/default/second.html: 58
[2014-04-22 07:53:37] EDIT Adaptador/views/default/second.html: -1
[2014-04-22 07:54:33] EDIT Adaptador/controllers/default.py: 5
[2014-04-22 07:55:05] EDIT Adaptador/controllers/default.py: 0
[2014-04-22 07:55:08] EDIT Adaptador/controllers/default.py: 0
[2014-04-22 07:55:16] EDIT Adaptador/controllers/default.py: 0
[2014-04-22 07:55:16] EDIT Adaptador/controllers/default.py: 0
[2014-04-22 07:58:51] EDIT Adaptador/controllers/default.py: 1
[2014-04-22 07:59:01] EDIT Adaptador/views/default/second.html: 1
[2014-04-22 07:59:09] EDIT Adaptador/views/default/second.html: -1
[2014-04-22 07:59:35] EDIT Adaptador/controllers/default.py: 0
[2014-04-22 08:01:07] EDIT Adaptador/controllers/default.py: -1
[2014-04-22 08:01:24] EDIT Adaptador/views/default/second.html: 1
[2014-04-22 08:01:28] EDIT Adaptador/views/default/second.html: -1
[2014-04-22 08:01:49] EDIT Adaptador/controllers/default.py: 0
